<?xml version="1.0" encoding="UTF-8"?>
<!-- Generated by org.testng.reporters.JUnitReportReporter -->
<testsuite hostname="DESKTOP-5RQJQ3J" failures="0" tests="1" name="com.bootcamp.TestRunner.testrunnerrClass" time="26.674" errors="0" timestamp="2022-08-09T18:49:11 PDT" skipped="0">
  <testcase classname="com.bootcamp.TestRunner.testrunnerrClass" name="feature" time="26.674"/>
  <system-out/>
</testsuite> <!-- com.bootcamp.TestRunner.testrunnerrClass -->
